<?xml version="1.0" encoding="UTF-8"?>
<testng-results ignored="0" total="1" passed="1" failed="0" skipped="0">
  <reporter-output>
  </reporter-output>
  <suite started-at="2024-09-03T03:01:02 IST" name="Default suite" finished-at="2024-09-03T03:01:13 IST" duration-ms="11128">
    <groups>
    </groups>
    <test started-at="2024-09-03T03:01:02 IST" name="Default test" finished-at="2024-09-03T03:01:13 IST" duration-ms="11128">
      <class name="tests.EndToEndOrderTest">
        <test-method is-config="true" signature="lunchApplication()[pri:0, instance:tests.EndToEndOrderTest@6fa51cd4]" started-at="2024-09-03T03:01:02 IST" name="lunchApplication" finished-at="2024-09-03T03:01:11 IST" duration-ms="8834" status="PASS">
          <reporter-output>
          </reporter-output>
        </test-method> <!-- lunchApplication -->
        <test-method signature="Submitorder()[pri:0, instance:tests.EndToEndOrderTest@6fa51cd4]" started-at="2024-09-03T03:01:11 IST" name="Submitorder" finished-at="2024-09-03T03:01:12 IST" duration-ms="1524" status="PASS">
          <reporter-output>
          </reporter-output>
        </test-method> <!-- Submitorder -->
        <test-method is-config="true" signature="tearDown()[pri:0, instance:tests.EndToEndOrderTest@6fa51cd4]" started-at="2024-09-03T03:01:12 IST" name="tearDown" finished-at="2024-09-03T03:01:13 IST" duration-ms="663" status="PASS">
          <reporter-output>
          </reporter-output>
        </test-method> <!-- tearDown -->
      </class> <!-- tests.EndToEndOrderTest -->
    </test> <!-- Default test -->
  </suite> <!-- Default suite -->
</testng-results>
