<?xml version="1.0" encoding="UTF-8"?>
<testng-results ignored="0" total="1" passed="1" failed="0" skipped="0">
  <reporter-output>
  </reporter-output>
  <suite started-at="2024-07-04T08:19:50 IST" name="Default suite" finished-at="2024-07-04T08:20:08 IST" duration-ms="17447">
    <groups>
    </groups>
    <test started-at="2024-07-04T08:19:50 IST" name="Default test" finished-at="2024-07-04T08:20:08 IST" duration-ms="17447">
      <class name="tests.EndToEndOrderTest">
        <test-method is-config="true" signature="lunchApplication()[pri:0, instance:tests.EndToEndOrderTest@6fa51cd4]" started-at="2024-07-04T08:19:50 IST" name="lunchApplication" finished-at="2024-07-04T08:19:58 IST" duration-ms="7810" status="PASS">
          <reporter-output>
          </reporter-output>
        </test-method> <!-- lunchApplication -->
        <test-method signature="Submitorder()[pri:0, instance:tests.EndToEndOrderTest@6fa51cd4]" started-at="2024-07-04T08:19:58 IST" name="Submitorder" finished-at="2024-07-04T08:20:07 IST" duration-ms="8813" status="PASS">
          <reporter-output>
          </reporter-output>
        </test-method> <!-- Submitorder -->
        <test-method is-config="true" signature="tearDown()[pri:0, instance:tests.EndToEndOrderTest@6fa51cd4]" started-at="2024-07-04T08:20:07 IST" name="tearDown" finished-at="2024-07-04T08:20:08 IST" duration-ms="707" status="PASS">
          <reporter-output>
          </reporter-output>
        </test-method> <!-- tearDown -->
      </class> <!-- tests.EndToEndOrderTest -->
    </test> <!-- Default test -->
  </suite> <!-- Default suite -->
</testng-results>
